<?xml version="1.0" encoding="UTF-8"?>
<!-- Generated by org.testng.reporters.JUnitReportReporter -->
<testsuite hostname="Mubaraks-MBP-2.lan" failures="0" tests="2" name="tests.loginwitBeftoreTest" time="6.900" errors="0" timestamp="2023-05-05T02:30:20 WAT" skipped="0">
  <testcase classname="tests.loginwitBeftoreTest" name="invalidLogin" time="3.330"/>
  <system-out/>
  <testcase classname="tests.loginwitBeftoreTest" name="validLogin" time="3.570"/>
  <system-out/>
</testsuite> <!-- tests.loginwitBeftoreTest -->
