<?xml version="1.0" encoding="UTF-8"?>
<!-- Generated by org.testng.reporters.JUnitReportReporter -->
<testsuite hostname="Mubaraks-MBP-2.lan" failures="0" tests="2" name="tests.logginTTest" time="47.371" errors="0" timestamp="2023-05-05T02:14:58 WAT" skipped="0">
  <testcase classname="tests.logginTTest" name="login" time="30.762"/>
  <system-out/>
  <testcase classname="tests.logginTTest" name="invalidLogin" time="16.609"/>
  <system-out/>
</testsuite> <!-- tests.logginTTest -->
