<?xml version="1.0" encoding="UTF-8"?>
<!-- Generated by org.testng.reporters.JUnitReportReporter -->
<testsuite hostname="Mubaraks-MBP-2.lan" failures="0" tests="2" name="tests.loginwithBeforeMethod" time="30.913" errors="0" timestamp="2023-05-05T02:34:33 WAT" skipped="0">
  <testcase classname="tests.loginwithBeforeMethod" name="invalidLogin" time="16.169"/>
  <system-out/>
  <testcase classname="tests.loginwithBeforeMethod" name="validLogin" time="14.744"/>
  <system-out/>
</testsuite> <!-- tests.loginwithBeforeMethod -->
